INFO - 2024-11-30 22:40:07 --> Session: Class initialized using 'CodeIgniter\Session\Handlers\FileHandler' driver.
CRITICAL - 2024-11-30 22:40:08 --> ErrorException: Undefined variable $totalGeneral
[Method: GET, Route: producto/verCarrito]
in APPPATH\Views\producto\verCarrito.php on line 60.
 1 APPPATH\Views\producto\verCarrito.php(60): CodeIgniter\Debug\Exceptions->errorHandler(2, 'Undefined variable $totalGeneral', 'C:\\xampp\\htdocs\\pastel\\app\\Views\\producto\\verCarrito.php', 60)
 2 SYSTEMPATH\View\View.php(235): include('C:\\xampp\\htdocs\\pastel\\app\\Views\\producto\\verCarrito.php')
 3 SYSTEMPATH\View\View.php(238): CodeIgniter\View\View->CodeIgniter\View\{closure}()
 4 SYSTEMPATH\Common.php(1169): CodeIgniter\View\View->render('producto/verCarrito', [], true)
 5 APPPATH\Controllers\Producto.php(269): view('producto/verCarrito', [...])
 6 SYSTEMPATH\CodeIgniter.php(933): App\Controllers\Producto->verCarrito()
 7 SYSTEMPATH\CodeIgniter.php(509): CodeIgniter\CodeIgniter->runController(Object(App\Controllers\Producto))
 8 SYSTEMPATH\CodeIgniter.php(355): CodeIgniter\CodeIgniter->handleRequest(null, Object(Config\Cache), false)
 9 SYSTEMPATH\Boot.php(325): CodeIgniter\CodeIgniter->run()
10 SYSTEMPATH\Boot.php(67): CodeIgniter\Boot::runCodeIgniter(Object(CodeIgniter\CodeIgniter))
11 FCPATH\index.php(56): CodeIgniter\Boot::bootWeb(Object(Config\Paths))
12 SYSTEMPATH\rewrite.php(44): require_once('C:\\xampp\\htdocs\\pastel\\public\\index.php')
INFO - 2024-11-30 22:40:22 --> Session: Class initialized using 'CodeIgniter\Session\Handlers\FileHandler' driver.
INFO - 2024-11-30 22:40:22 --> Session: Class initialized using 'CodeIgniter\Session\Handlers\FileHandler' driver.
INFO - 2024-11-30 22:40:42 --> Session: Class initialized using 'CodeIgniter\Session\Handlers\FileHandler' driver.
INFO - 2024-11-30 22:40:42 --> Session: Class initialized using 'CodeIgniter\Session\Handlers\FileHandler' driver.
INFO - 2024-11-30 22:40:58 --> Session: Class initialized using 'CodeIgniter\Session\Handlers\FileHandler' driver.
CRITICAL - 2024-11-30 22:41:04 --> Error: Class "App\Controllers\LocalModel" not found
[Method: POST, Route: usuario/guardarSucursal]
in APPPATH\Controllers\Usuario.php on line 111.
 1 SYSTEMPATH\CodeIgniter.php(933): App\Controllers\Usuario->guardarSucursal()
 2 SYSTEMPATH\CodeIgniter.php(509): CodeIgniter\CodeIgniter->runController(Object(App\Controllers\Usuario))
 3 SYSTEMPATH\CodeIgniter.php(355): CodeIgniter\CodeIgniter->handleRequest(null, Object(Config\Cache), false)
 4 SYSTEMPATH\Boot.php(325): CodeIgniter\CodeIgniter->run()
 5 SYSTEMPATH\Boot.php(67): CodeIgniter\Boot::runCodeIgniter(Object(CodeIgniter\CodeIgniter))
 6 FCPATH\index.php(56): CodeIgniter\Boot::bootWeb(Object(Config\Paths))
 7 SYSTEMPATH\rewrite.php(44): require_once('C:\\xampp\\htdocs\\pastel\\public\\index.php')
CRITICAL - 2024-11-30 22:42:01 --> Error: Class "App\Controllers\LocalP" not found
[Method: POST, Route: usuario/guardarSucursal]
in APPPATH\Controllers\Usuario.php on line 111.
 1 SYSTEMPATH\CodeIgniter.php(933): App\Controllers\Usuario->guardarSucursal()
 2 SYSTEMPATH\CodeIgniter.php(509): CodeIgniter\CodeIgniter->runController(Object(App\Controllers\Usuario))
 3 SYSTEMPATH\CodeIgniter.php(355): CodeIgniter\CodeIgniter->handleRequest(null, Object(Config\Cache), false)
 4 SYSTEMPATH\Boot.php(325): CodeIgniter\CodeIgniter->run()
 5 SYSTEMPATH\Boot.php(67): CodeIgniter\Boot::runCodeIgniter(Object(CodeIgniter\CodeIgniter))
 6 FCPATH\index.php(56): CodeIgniter\Boot::bootWeb(Object(Config\Paths))
 7 SYSTEMPATH\rewrite.php(44): require_once('C:\\xampp\\htdocs\\pastel\\public\\index.php')
CRITICAL - 2024-11-30 22:42:28 --> ErrorException: Undefined variable $localModel
[Method: POST, Route: usuario/guardarSucursal]
in APPPATH\Controllers\Usuario.php on line 113.
 1 APPPATH\Controllers\Usuario.php(113): CodeIgniter\Debug\Exceptions->errorHandler(2, 'Undefined variable $localModel', 'C:\\xampp\\htdocs\\pastel\\app\\Controllers\\Usuario.php', 113)
 2 SYSTEMPATH\CodeIgniter.php(933): App\Controllers\Usuario->guardarSucursal()
 3 SYSTEMPATH\CodeIgniter.php(509): CodeIgniter\CodeIgniter->runController(Object(App\Controllers\Usuario))
 4 SYSTEMPATH\CodeIgniter.php(355): CodeIgniter\CodeIgniter->handleRequest(null, Object(Config\Cache), false)
 5 SYSTEMPATH\Boot.php(325): CodeIgniter\CodeIgniter->run()
 6 SYSTEMPATH\Boot.php(67): CodeIgniter\Boot::runCodeIgniter(Object(CodeIgniter\CodeIgniter))
 7 FCPATH\index.php(56): CodeIgniter\Boot::bootWeb(Object(Config\Paths))
 8 SYSTEMPATH\rewrite.php(44): require_once('C:\\xampp\\htdocs\\pastel\\public\\index.php')
INFO - 2024-11-30 22:42:46 --> Session: Class initialized using 'CodeIgniter\Session\Handlers\FileHandler' driver.
INFO - 2024-11-30 22:42:46 --> Session: Class initialized using 'CodeIgniter\Session\Handlers\FileHandler' driver.
INFO - 2024-11-30 22:43:08 --> Session: Class initialized using 'CodeIgniter\Session\Handlers\FileHandler' driver.
INFO - 2024-11-30 22:43:08 --> Session: Class initialized using 'CodeIgniter\Session\Handlers\FileHandler' driver.
INFO - 2024-11-30 22:44:41 --> Session: Class initialized using 'CodeIgniter\Session\Handlers\FileHandler' driver.
CRITICAL - 2024-11-30 23:05:51 --> ErrorException: Undefined variable $productos
[Method: GET, Route: producto/showC]
in APPPATH\Views\producto\showC.php on line 29.
 1 APPPATH\Views\producto\showC.php(29): CodeIgniter\Debug\Exceptions->errorHandler(2, 'Undefined variable $productos', 'C:\\xampp\\htdocs\\pastel\\app\\Views\\producto\\showC.php', 29)
 2 SYSTEMPATH\View\View.php(235): include('C:\\xampp\\htdocs\\pastel\\app\\Views\\producto\\showC.php')
 3 SYSTEMPATH\View\View.php(238): CodeIgniter\View\View->CodeIgniter\View\{closure}()
 4 SYSTEMPATH\Common.php(1169): CodeIgniter\View\View->render('producto/showc', [], true)
 5 APPPATH\Controllers\Producto.php(184): view('producto/showc', [...])
 6 SYSTEMPATH\CodeIgniter.php(933): App\Controllers\Producto->ShowC()
 7 SYSTEMPATH\CodeIgniter.php(509): CodeIgniter\CodeIgniter->runController(Object(App\Controllers\Producto))
 8 SYSTEMPATH\CodeIgniter.php(355): CodeIgniter\CodeIgniter->handleRequest(null, Object(Config\Cache), false)
 9 SYSTEMPATH\Boot.php(325): CodeIgniter\CodeIgniter->run()
10 SYSTEMPATH\Boot.php(67): CodeIgniter\Boot::runCodeIgniter(Object(CodeIgniter\CodeIgniter))
11 FCPATH\index.php(56): CodeIgniter\Boot::bootWeb(Object(Config\Paths))
12 SYSTEMPATH\rewrite.php(44): require_once('C:\\xampp\\htdocs\\pastel\\public\\index.php')
CRITICAL - 2024-11-30 23:06:51 --> ErrorException: Undefined property: stdClass::$idCategoria
[Method: GET, Route: producto/showC]
in APPPATH\Views\producto\showC.php on line 30.
 1 APPPATH\Views\producto\showC.php(30): CodeIgniter\Debug\Exceptions->errorHandler(2, 'Undefined property: stdClass::$idCategoria', 'C:\\xampp\\htdocs\\pastel\\app\\Views\\producto\\showC.php', 30)
 2 SYSTEMPATH\View\View.php(235): include('C:\\xampp\\htdocs\\pastel\\app\\Views\\producto\\showC.php')
 3 SYSTEMPATH\View\View.php(238): CodeIgniter\View\View->CodeIgniter\View\{closure}()
 4 SYSTEMPATH\Common.php(1169): CodeIgniter\View\View->render('producto/showc', [], true)
 5 APPPATH\Controllers\Producto.php(184): view('producto/showc', [...])
 6 SYSTEMPATH\CodeIgniter.php(933): App\Controllers\Producto->ShowC()
 7 SYSTEMPATH\CodeIgniter.php(509): CodeIgniter\CodeIgniter->runController(Object(App\Controllers\Producto))
 8 SYSTEMPATH\CodeIgniter.php(355): CodeIgniter\CodeIgniter->handleRequest(null, Object(Config\Cache), false)
 9 SYSTEMPATH\Boot.php(325): CodeIgniter\CodeIgniter->run()
10 SYSTEMPATH\Boot.php(67): CodeIgniter\Boot::runCodeIgniter(Object(CodeIgniter\CodeIgniter))
11 FCPATH\index.php(56): CodeIgniter\Boot::bootWeb(Object(Config\Paths))
12 SYSTEMPATH\rewrite.php(44): require_once('C:\\xampp\\htdocs\\pastel\\public\\index.php')
CRITICAL - 2024-11-30 23:15:33 --> ErrorException: Undefined property: stdClass::$idCategoria
[Method: GET, Route: producto/showC]
in APPPATH\Views\producto\showC.php on line 30.
 1 APPPATH\Views\producto\showC.php(30): CodeIgniter\Debug\Exceptions->errorHandler(2, 'Undefined property: stdClass::$idCategoria', 'C:\\xampp\\htdocs\\pastel\\app\\Views\\producto\\showC.php', 30)
 2 SYSTEMPATH\View\View.php(235): include('C:\\xampp\\htdocs\\pastel\\app\\Views\\producto\\showC.php')
 3 SYSTEMPATH\View\View.php(238): CodeIgniter\View\View->CodeIgniter\View\{closure}()
 4 SYSTEMPATH\Common.php(1169): CodeIgniter\View\View->render('producto/showc', [], true)
 5 APPPATH\Controllers\Producto.php(184): view('producto/showc', [...])
 6 SYSTEMPATH\CodeIgniter.php(933): App\Controllers\Producto->ShowC()
 7 SYSTEMPATH\CodeIgniter.php(509): CodeIgniter\CodeIgniter->runController(Object(App\Controllers\Producto))
 8 SYSTEMPATH\CodeIgniter.php(355): CodeIgniter\CodeIgniter->handleRequest(null, Object(Config\Cache), false)
 9 SYSTEMPATH\Boot.php(325): CodeIgniter\CodeIgniter->run()
10 SYSTEMPATH\Boot.php(67): CodeIgniter\Boot::runCodeIgniter(Object(CodeIgniter\CodeIgniter))
11 FCPATH\index.php(56): CodeIgniter\Boot::bootWeb(Object(Config\Paths))
12 SYSTEMPATH\rewrite.php(44): require_once('C:\\xampp\\htdocs\\pastel\\public\\index.php')
CRITICAL - 2024-11-30 23:15:52 --> ErrorException: Undefined property: stdClass::$idCategoria
[Method: GET, Route: producto/showC]
in APPPATH\Views\producto\showC.php on line 30.
 1 APPPATH\Views\producto\showC.php(30): CodeIgniter\Debug\Exceptions->errorHandler(2, 'Undefined property: stdClass::$idCategoria', 'C:\\xampp\\htdocs\\pastel\\app\\Views\\producto\\showC.php', 30)
 2 SYSTEMPATH\View\View.php(235): include('C:\\xampp\\htdocs\\pastel\\app\\Views\\producto\\showC.php')
 3 SYSTEMPATH\View\View.php(238): CodeIgniter\View\View->CodeIgniter\View\{closure}()
 4 SYSTEMPATH\Common.php(1169): CodeIgniter\View\View->render('producto/showc', [], true)
 5 APPPATH\Controllers\Producto.php(184): view('producto/showc', [...])
 6 SYSTEMPATH\CodeIgniter.php(933): App\Controllers\Producto->ShowC()
 7 SYSTEMPATH\CodeIgniter.php(509): CodeIgniter\CodeIgniter->runController(Object(App\Controllers\Producto))
 8 SYSTEMPATH\CodeIgniter.php(355): CodeIgniter\CodeIgniter->handleRequest(null, Object(Config\Cache), false)
 9 SYSTEMPATH\Boot.php(325): CodeIgniter\CodeIgniter->run()
10 SYSTEMPATH\Boot.php(67): CodeIgniter\Boot::runCodeIgniter(Object(CodeIgniter\CodeIgniter))
11 FCPATH\index.php(56): CodeIgniter\Boot::bootWeb(Object(Config\Paths))
12 SYSTEMPATH\rewrite.php(44): require_once('C:\\xampp\\htdocs\\pastel\\public\\index.php')
CRITICAL - 2024-11-30 23:17:20 --> ErrorException: Undefined property: stdClass::$idCategoria
[Method: GET, Route: producto/showC]
in APPPATH\Views\producto\showC.php on line 30.
 1 APPPATH\Views\producto\showC.php(30): CodeIgniter\Debug\Exceptions->errorHandler(2, 'Undefined property: stdClass::$idCategoria', 'C:\\xampp\\htdocs\\pastel\\app\\Views\\producto\\showC.php', 30)
 2 SYSTEMPATH\View\View.php(235): include('C:\\xampp\\htdocs\\pastel\\app\\Views\\producto\\showC.php')
 3 SYSTEMPATH\View\View.php(238): CodeIgniter\View\View->CodeIgniter\View\{closure}()
 4 SYSTEMPATH\Common.php(1169): CodeIgniter\View\View->render('producto/showc', [], true)
 5 APPPATH\Controllers\Producto.php(184): view('producto/showc', [...])
 6 SYSTEMPATH\CodeIgniter.php(933): App\Controllers\Producto->ShowC()
 7 SYSTEMPATH\CodeIgniter.php(509): CodeIgniter\CodeIgniter->runController(Object(App\Controllers\Producto))
 8 SYSTEMPATH\CodeIgniter.php(355): CodeIgniter\CodeIgniter->handleRequest(null, Object(Config\Cache), false)
 9 SYSTEMPATH\Boot.php(325): CodeIgniter\CodeIgniter->run()
10 SYSTEMPATH\Boot.php(67): CodeIgniter\Boot::runCodeIgniter(Object(CodeIgniter\CodeIgniter))
11 FCPATH\index.php(56): CodeIgniter\Boot::bootWeb(Object(Config\Paths))
12 SYSTEMPATH\rewrite.php(44): require_once('C:\\xampp\\htdocs\\pastel\\public\\index.php')
CRITICAL - 2024-11-30 23:19:34 --> ErrorException: Undefined variable $productos
[Method: GET, Route: producto/showC]
in APPPATH\Views\producto\showC.php on line 30.
 1 APPPATH\Views\producto\showC.php(30): CodeIgniter\Debug\Exceptions->errorHandler(2, 'Undefined variable $productos', 'C:\\xampp\\htdocs\\pastel\\app\\Views\\producto\\showC.php', 30)
 2 SYSTEMPATH\View\View.php(235): include('C:\\xampp\\htdocs\\pastel\\app\\Views\\producto\\showC.php')
 3 SYSTEMPATH\View\View.php(238): CodeIgniter\View\View->CodeIgniter\View\{closure}()
 4 SYSTEMPATH\Common.php(1169): CodeIgniter\View\View->render('producto/showc', [], true)
 5 APPPATH\Controllers\Producto.php(184): view('producto/showc', [...])
 6 SYSTEMPATH\CodeIgniter.php(933): App\Controllers\Producto->ShowC()
 7 SYSTEMPATH\CodeIgniter.php(509): CodeIgniter\CodeIgniter->runController(Object(App\Controllers\Producto))
 8 SYSTEMPATH\CodeIgniter.php(355): CodeIgniter\CodeIgniter->handleRequest(null, Object(Config\Cache), false)
 9 SYSTEMPATH\Boot.php(325): CodeIgniter\CodeIgniter->run()
10 SYSTEMPATH\Boot.php(67): CodeIgniter\Boot::runCodeIgniter(Object(CodeIgniter\CodeIgniter))
11 FCPATH\index.php(56): CodeIgniter\Boot::bootWeb(Object(Config\Paths))
12 SYSTEMPATH\rewrite.php(44): require_once('C:\\xampp\\htdocs\\pastel\\public\\index.php')
CRITICAL - 2024-11-30 23:19:49 --> ErrorException: Undefined property: stdClass::$idCategoria
[Method: GET, Route: producto/showC]
in APPPATH\Views\producto\showC.php on line 31.
 1 APPPATH\Views\producto\showC.php(31): CodeIgniter\Debug\Exceptions->errorHandler(2, 'Undefined property: stdClass::$idCategoria', 'C:\\xampp\\htdocs\\pastel\\app\\Views\\producto\\showC.php', 31)
 2 SYSTEMPATH\View\View.php(235): include('C:\\xampp\\htdocs\\pastel\\app\\Views\\producto\\showC.php')
 3 SYSTEMPATH\View\View.php(238): CodeIgniter\View\View->CodeIgniter\View\{closure}()
 4 SYSTEMPATH\Common.php(1169): CodeIgniter\View\View->render('producto/showc', [], true)
 5 APPPATH\Controllers\Producto.php(184): view('producto/showc', [...])
 6 SYSTEMPATH\CodeIgniter.php(933): App\Controllers\Producto->ShowC()
 7 SYSTEMPATH\CodeIgniter.php(509): CodeIgniter\CodeIgniter->runController(Object(App\Controllers\Producto))
 8 SYSTEMPATH\CodeIgniter.php(355): CodeIgniter\CodeIgniter->handleRequest(null, Object(Config\Cache), false)
 9 SYSTEMPATH\Boot.php(325): CodeIgniter\CodeIgniter->run()
10 SYSTEMPATH\Boot.php(67): CodeIgniter\Boot::runCodeIgniter(Object(CodeIgniter\CodeIgniter))
11 FCPATH\index.php(56): CodeIgniter\Boot::bootWeb(Object(Config\Paths))
12 SYSTEMPATH\rewrite.php(44): require_once('C:\\xampp\\htdocs\\pastel\\public\\index.php')
