INFO - 2024-11-18 23:06:15 --> Session: Class initialized using 'CodeIgniter\Session\Handlers\FileHandler' driver.
INFO - 2024-11-18 23:06:19 --> Session: Class initialized using 'CodeIgniter\Session\Handlers\FileHandler' driver.
INFO - 2024-11-18 23:06:27 --> Session: Class initialized using 'CodeIgniter\Session\Handlers\FileHandler' driver.
INFO - 2024-11-18 23:09:52 --> Session: Class initialized using 'CodeIgniter\Session\Handlers\FileHandler' driver.
INFO - 2024-11-18 23:09:56 --> Session: Class initialized using 'CodeIgniter\Session\Handlers\FileHandler' driver.
INFO - 2024-11-18 23:10:02 --> Session: Class initialized using 'CodeIgniter\Session\Handlers\FileHandler' driver.
INFO - 2024-11-18 23:10:39 --> Session: Class initialized using 'CodeIgniter\Session\Handlers\FileHandler' driver.
INFO - 2024-11-18 23:30:45 --> Session: Class initialized using 'CodeIgniter\Session\Handlers\FileHandler' driver.
INFO - 2024-11-18 23:31:57 --> Session: Class initialized using 'CodeIgniter\Session\Handlers\FileHandler' driver.
CRITICAL - 2024-11-18 23:31:58 --> ErrorException: Undefined variable $lastImagen
[Method: GET, Route: local/add/]
in APPPATH\Views\local\add.php on line 44.
 1 APPPATH\Views\local\add.php(44): CodeIgniter\Debug\Exceptions->errorHandler(2, 'Undefined variable $lastImagen', 'C:\\xampp\\htdocs\\pastel\\app\\Views\\local\\add.php', 44)
 2 SYSTEMPATH\View\View.php(235): include('C:\\xampp\\htdocs\\pastel\\app\\Views\\local\\add.php')
 3 SYSTEMPATH\View\View.php(238): CodeIgniter\View\View->CodeIgniter\View\{closure}()
 4 SYSTEMPATH\Common.php(1169): CodeIgniter\View\View->render('local/add', [], true)
 5 APPPATH\Controllers\Local.php(52): view('local/add')
 6 SYSTEMPATH\CodeIgniter.php(933): App\Controllers\Local->add()
 7 SYSTEMPATH\CodeIgniter.php(509): CodeIgniter\CodeIgniter->runController(Object(App\Controllers\Local))
 8 SYSTEMPATH\CodeIgniter.php(355): CodeIgniter\CodeIgniter->handleRequest(null, Object(Config\Cache), false)
 9 SYSTEMPATH\Boot.php(325): CodeIgniter\CodeIgniter->run()
10 SYSTEMPATH\Boot.php(67): CodeIgniter\Boot::runCodeIgniter(Object(CodeIgniter\CodeIgniter))
11 FCPATH\index.php(56): CodeIgniter\Boot::bootWeb(Object(Config\Paths))
12 SYSTEMPATH\rewrite.php(44): require_once('C:\\xampp\\htdocs\\pastel\\public\\index.php')
INFO - 2024-11-18 23:32:56 --> Session: Class initialized using 'CodeIgniter\Session\Handlers\FileHandler' driver.
CRITICAL - 2024-11-18 23:32:56 --> ErrorException: Undefined variable $lastImagen
[Method: GET, Route: local/add/]
in APPPATH\Views\local\add.php on line 44.
 1 APPPATH\Views\local\add.php(44): CodeIgniter\Debug\Exceptions->errorHandler(2, 'Undefined variable $lastImagen', 'C:\\xampp\\htdocs\\pastel\\app\\Views\\local\\add.php', 44)
 2 SYSTEMPATH\View\View.php(235): include('C:\\xampp\\htdocs\\pastel\\app\\Views\\local\\add.php')
 3 SYSTEMPATH\View\View.php(238): CodeIgniter\View\View->CodeIgniter\View\{closure}()
 4 SYSTEMPATH\Common.php(1169): CodeIgniter\View\View->render('local/add', [], true)
 5 APPPATH\Controllers\Local.php(52): view('local/add')
 6 SYSTEMPATH\CodeIgniter.php(933): App\Controllers\Local->add()
 7 SYSTEMPATH\CodeIgniter.php(509): CodeIgniter\CodeIgniter->runController(Object(App\Controllers\Local))
 8 SYSTEMPATH\CodeIgniter.php(355): CodeIgniter\CodeIgniter->handleRequest(null, Object(Config\Cache), false)
 9 SYSTEMPATH\Boot.php(325): CodeIgniter\CodeIgniter->run()
10 SYSTEMPATH\Boot.php(67): CodeIgniter\Boot::runCodeIgniter(Object(CodeIgniter\CodeIgniter))
11 FCPATH\index.php(56): CodeIgniter\Boot::bootWeb(Object(Config\Paths))
12 SYSTEMPATH\rewrite.php(44): require_once('C:\\xampp\\htdocs\\pastel\\public\\index.php')
INFO - 2024-11-18 23:34:38 --> Session: Class initialized using 'CodeIgniter\Session\Handlers\FileHandler' driver.
CRITICAL - 2024-11-18 23:34:38 --> ErrorException: Undefined variable $lastImagen
[Method: GET, Route: local/add/]
in APPPATH\Views\local\add.php on line 44.
 1 APPPATH\Views\local\add.php(44): CodeIgniter\Debug\Exceptions->errorHandler(2, 'Undefined variable $lastImagen', 'C:\\xampp\\htdocs\\pastel\\app\\Views\\local\\add.php', 44)
 2 SYSTEMPATH\View\View.php(235): include('C:\\xampp\\htdocs\\pastel\\app\\Views\\local\\add.php')
 3 SYSTEMPATH\View\View.php(238): CodeIgniter\View\View->CodeIgniter\View\{closure}()
 4 SYSTEMPATH\Common.php(1169): CodeIgniter\View\View->render('local/add', [], true)
 5 APPPATH\Controllers\Local.php(52): view('local/add')
 6 SYSTEMPATH\CodeIgniter.php(933): App\Controllers\Local->add()
 7 SYSTEMPATH\CodeIgniter.php(509): CodeIgniter\CodeIgniter->runController(Object(App\Controllers\Local))
 8 SYSTEMPATH\CodeIgniter.php(355): CodeIgniter\CodeIgniter->handleRequest(null, Object(Config\Cache), false)
 9 SYSTEMPATH\Boot.php(325): CodeIgniter\CodeIgniter->run()
10 SYSTEMPATH\Boot.php(67): CodeIgniter\Boot::runCodeIgniter(Object(CodeIgniter\CodeIgniter))
11 FCPATH\index.php(56): CodeIgniter\Boot::bootWeb(Object(Config\Paths))
12 SYSTEMPATH\rewrite.php(44): require_once('C:\\xampp\\htdocs\\pastel\\public\\index.php')
INFO - 2024-11-18 23:42:23 --> Session: Class initialized using 'CodeIgniter\Session\Handlers\FileHandler' driver.
CRITICAL - 2024-11-18 23:42:23 --> ErrorException: Undefined variable $lastImagen
[Method: GET, Route: local/add/]
in APPPATH\Views\local\add.php on line 44.
 1 APPPATH\Views\local\add.php(44): CodeIgniter\Debug\Exceptions->errorHandler(2, 'Undefined variable $lastImagen', 'C:\\xampp\\htdocs\\pastel\\app\\Views\\local\\add.php', 44)
 2 SYSTEMPATH\View\View.php(235): include('C:\\xampp\\htdocs\\pastel\\app\\Views\\local\\add.php')
 3 SYSTEMPATH\View\View.php(238): CodeIgniter\View\View->CodeIgniter\View\{closure}()
 4 SYSTEMPATH\Common.php(1169): CodeIgniter\View\View->render('local/add', [], true)
 5 APPPATH\Controllers\Local.php(52): view('local/add')
 6 SYSTEMPATH\CodeIgniter.php(933): App\Controllers\Local->add()
 7 SYSTEMPATH\CodeIgniter.php(509): CodeIgniter\CodeIgniter->runController(Object(App\Controllers\Local))
 8 SYSTEMPATH\CodeIgniter.php(355): CodeIgniter\CodeIgniter->handleRequest(null, Object(Config\Cache), false)
 9 SYSTEMPATH\Boot.php(325): CodeIgniter\CodeIgniter->run()
10 SYSTEMPATH\Boot.php(67): CodeIgniter\Boot::runCodeIgniter(Object(CodeIgniter\CodeIgniter))
11 FCPATH\index.php(56): CodeIgniter\Boot::bootWeb(Object(Config\Paths))
12 SYSTEMPATH\rewrite.php(44): require_once('C:\\xampp\\htdocs\\pastel\\public\\index.php')
INFO - 2024-11-18 23:50:05 --> Session: Class initialized using 'CodeIgniter\Session\Handlers\FileHandler' driver.
CRITICAL - 2024-11-18 23:50:05 --> ErrorException: Undefined variable $lastImage
[Method: GET, Route: local/add/]
in APPPATH\Views\local\add.php on line 44.
 1 APPPATH\Views\local\add.php(44): CodeIgniter\Debug\Exceptions->errorHandler(2, 'Undefined variable $lastImage', 'C:\\xampp\\htdocs\\pastel\\app\\Views\\local\\add.php', 44)
 2 SYSTEMPATH\View\View.php(235): include('C:\\xampp\\htdocs\\pastel\\app\\Views\\local\\add.php')
 3 SYSTEMPATH\View\View.php(238): CodeIgniter\View\View->CodeIgniter\View\{closure}()
 4 SYSTEMPATH\Common.php(1169): CodeIgniter\View\View->render('local/add', [], true)
 5 APPPATH\Controllers\Local.php(52): view('local/add')
 6 SYSTEMPATH\CodeIgniter.php(933): App\Controllers\Local->add()
 7 SYSTEMPATH\CodeIgniter.php(509): CodeIgniter\CodeIgniter->runController(Object(App\Controllers\Local))
 8 SYSTEMPATH\CodeIgniter.php(355): CodeIgniter\CodeIgniter->handleRequest(null, Object(Config\Cache), false)
 9 SYSTEMPATH\Boot.php(325): CodeIgniter\CodeIgniter->run()
10 SYSTEMPATH\Boot.php(67): CodeIgniter\Boot::runCodeIgniter(Object(CodeIgniter\CodeIgniter))
11 FCPATH\index.php(56): CodeIgniter\Boot::bootWeb(Object(Config\Paths))
12 SYSTEMPATH\rewrite.php(44): require_once('C:\\xampp\\htdocs\\pastel\\public\\index.php')
